just -f _scripts/windows.just run 
cargo run --release -- 
warning: variable does not need to be mutable
   --> src\core\calibration\mod.rs:180:45
    |
180 | ...                   if let Some(mut pt2) = digital.undistort_point((pt.x, pt.y), &kernel_params) {
    |                                   ----^^^
    |                                   |
    |                                   help: remove this `mut`
    |
    = note: `#[warn(unused_mut)]` (part of `#[warn(unused)]`) on by default

warning: variable does not need to be mutable
   --> src\core\calibration\mod.rs:217:13
    |
217 |         let mut width = self.width as i32;
    |             ----^^^^^
    |             |
    |             help: remove this `mut`

warning: unused variable: `digital`
   --> src\core\calibration\mod.rs:218:21
    |
218 |         if let Some(digital) = self.digital_lens.as_ref().map(|x| DistortionModel::from_name(&x)) {
    |                     ^^^^^^^ help: if this is intentional, prefix it with an underscore: `_digital`
    |
    = note: `#[warn(unused_variables)]` (part of `#[warn(unused)]`) on by default

warning: unused variable: `distortion_model`
  --> src\core\stabilization\cpu_undistort.rs:91:98
   |
91 | ...ms: &KernelParams, distortion_model: &DistortionModel, digital_lens: Option<&DistortionModel>, matrices: &[[f32; 14]], drawing: &[u8])...
   |                       ^^^^^^^^^^^^^^^^ help: if this is intentional, prefix it with an underscore: `_distortion_model`

warning: unused variable: `digital_lens`
  --> src\core\stabilization\cpu_undistort.rs:91:134
   |
91 | ...del: &DistortionModel, digital_lens: Option<&DistortionModel>, matrices: &[[f32; 14]], drawing: &[u8]) -> bool {
   |                           ^^^^^^^^^^^^ help: if this is intentional, prefix it with an underscore: `_digital_lens`

warning: field `calibration_gyro_indices` is never read
   --> src\core\gyro_match.rs:157:5
    |
153 | struct OffsetResult {
    |        ------------ field in this struct
...
157 |     calibration_gyro_indices: Vec<usize>,
    |     ^^^^^^^^^^^^^^^^^^^^^^^^
    |
    = note: `#[warn(dead_code)]` (part of `#[warn(unused)]`) on by default

warning: `gyroflow-core` (lib) generated 6 warnings (run `cargo fix --lib -p gyroflow-core` to apply 5 suggestions)
    Finished `release` profile [optimized] target(s) in 0.95s
     Running `target\release\gyroflow.exe`
04:43:25 [0m[36m[DEBUG] [0m(1) gyroflow: [in main] Qt version: 6.7.3
04:43:25 [0m[36m[DEBUG] [0m(1) gyroflow: Gyroflow 1.6.3 (dev221104)
04:43:25 [0m[34m[INFO] [0mSettings file path: C:\Users\Jhe\AppData\Local\Gyroflow\settings.json
04:43:25 [0m[36m[DEBUG] [0m(1) gyroflow: Executable path: Some(String("C:\\Users\\Jhe\\Desktop\\github\\gyroflow\\target\\release\\gyroflow.exe"))
04:43:25 [0m[36m[DEBUG] [0m(1) gyroflow: SDK path: "C:\\Users\\Jhe\\Desktop\\github\\gyroflow\\target\\release"
04:43:26 [0m[34m[INFO] [0mSettings saved to "C:\\Users\\Jhe\\AppData\\Local\\Gyroflow\\settings.json"
04:43:26 [0m[36m[DEBUG] [0m(1) gyroflow_core::filesystem: path_to_url | path:  -> Ok("")
04:43:26 [0m[36m[DEBUG] [0m(1) gyroflow_core::gpu::opencl: OpenCL devices: Ok("NVIDIA CUDA") Ok("OpenCL 3.0 CUDA 13.1.123") ["NVIDIA GeForce RTX 4060 Ti"]
04:43:26 [0m[36m[DEBUG] [0m(1) gyroflow_core::gpu::opencl: OpenCL Platform: NVIDIA CUDA, ext: Extensions { inner: "cl_khr_global_int32_base_atomics cl_khr_global_int32_extended_atomics cl_khr_local_int32_base_atomics cl_khr_local_int32_extended_atomics cl_khr_fp64 cl_khr_3d_image_writes cl_khr_byte_addressable_store cl_khr_icd cl_khr_gl_sharing cl_nv_compiler_options cl_nv_device_attribute_query cl_nv_pragma_unroll cl_nv_d3d10_sharing cl_khr_d3d10_sharing cl_nv_d3d11_sharing cl_nv_copy_opts cl_nv_create_buffer cl_khr_int64_base_atomics cl_khr_int64_extended_atomics cl_khr_device_uuid cl_khr_pci_bus_info cl_khr_external_semaphore cl_khr_external_memory cl_khr_external_semaphore_win32 cl_khr_external_memory_win32 cl_khr_semaphore" } Device: NVIDIA Corporation NVIDIA GeForce RTX 4060 Ti
04:43:26 [0m[36m[DEBUG] [0m(1) gyroflow::rendering::ffmpeg_hw: create AV_HWDEVICE_TYPE_CUDA
04:43:26 [0m[36m[DEBUG] [0m(1) gyroflow::rendering::ffmpeg_hw: HWDevice::from_type AV_HWDEVICE_TYPE_CUDA, device: None
04:43:26 [0m[36m[DEBUG] [0m(1) gyroflow::rendering::ffmpeg_hw: created ok AV_HWDEVICE_TYPE_CUDA
04:43:26 [0m[36m[DEBUG] [0m(1) gyroflow::rendering: GPU type: Nvidia, from name: nvidia corporation nvidia geforce rtx 4060 ti
04:43:28 [0m[36m[DEBUG] [0m(21) MDKPlayer: [in VideoTextureNodePriv::createTexture] QSGRendererInterface::Direct3D11
04:43:28 [0m[36m[DEBUG] [0m(21) MDKPlayer: [in MDKPlayer::sync] created texture QSGPlainTexture(0x22f841f8630) QSize(32, 32)
04:43:28 [0m[34m[INFO] [0mGPU list: ["[OpenCL] NVIDIA CUDA NVIDIA GeForce RTX 4060 Ti: 3.0", "[wgpu] NVIDIA GeForce RTX 4060 Ti (Vulkan)", "[wgpu] NVIDIA GeForce RTX 4060 Ti (Dx12)", "[wgpu] NVIDIA GeForce RTX 4060 Ti (Dx12)", "[wgpu] NVIDIA GeForce RTX 4060 Ti (Dx12)", "[wgpu] NVIDIA GeForce RTX 4060 Ti/PCIe/SSE2 (Gl)"]
04:43:28 [0m[34m[INFO] [0mSettings saved to "C:\\Users\\Jhe\\AppData\\Local\\Gyroflow\\settings.json"
04:43:29 [0m[34m[INFO] [0mLatest version: v1.6.3, current version: 1.6.3 (dev221104)
0.35.1 (git 0bca082) - Multimedia Development Kit. Copyright (c) 2016-2026 WangBin(QtAV author) <wbsecg1 at gmail.com>
Build for: Windows0x0600/10.0.22631 x86_64; vcruntime14.50.35717/14.44.35211 msvcp140.dll; Clang23.0.0 (++20260302081838+1c3327561977-1~exp1~20260302082011.1492); 12:15:38 Mar  2 2026. 
